<?xml version="1.0" encoding="UTF-8"?>
<testng-results ignored="0" total="4" passed="4" failed="0" skipped="0">
  <reporter-output>
  </reporter-output>
  <suite started-at="2025-04-08T08:03:02 IST" name="Suite" finished-at="2025-04-08T08:03:40 IST" duration-ms="38391">
    <groups>
      <group name="cucumber">
        <method signature="AbstractTestNGCucumberTests.runScenario(io.cucumber.testng.PickleWrapper,io.cucumber.testng.FeatureWrapper)[pri:0, instance:com.runner.TestNGRunner@5136d012]" name="runScenario" class="io.cucumber.testng.AbstractTestNGCucumberTests"/>
      </group> <!-- cucumber -->
    </groups>
    <test started-at="2025-04-08T08:03:02 IST" name="Test" finished-at="2025-04-08T08:03:40 IST" duration-ms="38391">
      <class name="com.runner.TestNGRunner">
        <test-method is-config="true" signature="setUpClass(org.testng.ITestContext)[pri:0, instance:com.runner.TestNGRunner@5136d012]" started-at="2025-04-08T08:03:02 IST" name="setUpClass" finished-at="2025-04-08T08:03:02 IST" duration-ms="675" status="PASS">
          <params>
            <param index="0">
              <value>
                <![CDATA[org.testng.TestRunner@69cc49ec]]>
              </value>
            </param>
          </params>
          <reporter-output>
          </reporter-output>
        </test-method> <!-- setUpClass -->
        <test-method signature="runScenario(io.cucumber.testng.PickleWrapper,io.cucumber.testng.FeatureWrapper)[pri:0, instance:com.runner.TestNGRunner@5136d012]" started-at="2025-04-08T08:03:02 IST" name="runScenario" description="Runs Cucumber Scenarios" data-provider="scenarios" finished-at="2025-04-08T08:03:18 IST" duration-ms="15396" status="PASS">
          <params>
            <param index="0">
              <value>
                <![CDATA["Check out the product from the cart"]]>
              </value>
            </param>
            <param index="1">
              <value>
                <![CDATA["CheckOut the Product"]]>
              </value>
            </param>
          </params>
          <reporter-output>
          </reporter-output>
        </test-method> <!-- runScenario -->
        <test-method signature="runScenario(io.cucumber.testng.PickleWrapper,io.cucumber.testng.FeatureWrapper)[pri:0, instance:com.runner.TestNGRunner@5136d012]" started-at="2025-04-08T08:03:18 IST" name="runScenario" description="Runs Cucumber Scenarios" data-provider="scenarios" finished-at="2025-04-08T08:03:24 IST" duration-ms="5962" status="PASS">
          <params>
            <param index="0">
              <value>
                <![CDATA["Login with valid details"]]>
              </value>
            </param>
            <param index="1">
              <value>
                <![CDATA["Login Feature"]]>
              </value>
            </param>
          </params>
          <reporter-output>
          </reporter-output>
        </test-method> <!-- runScenario -->
        <test-method signature="runScenario(io.cucumber.testng.PickleWrapper,io.cucumber.testng.FeatureWrapper)[pri:0, instance:com.runner.TestNGRunner@5136d012]" started-at="2025-04-08T08:03:24 IST" name="runScenario" description="Runs Cucumber Scenarios" data-provider="scenarios" finished-at="2025-04-08T08:03:28 IST" duration-ms="4473" status="PASS">
          <params>
            <param index="0">
              <value>
                <![CDATA["Login with valid details"]]>
              </value>
            </param>
            <param index="1">
              <value>
                <![CDATA["Login Feature"]]>
              </value>
            </param>
          </params>
          <reporter-output>
          </reporter-output>
        </test-method> <!-- runScenario -->
        <test-method signature="runScenario(io.cucumber.testng.PickleWrapper,io.cucumber.testng.FeatureWrapper)[pri:0, instance:com.runner.TestNGRunner@5136d012]" started-at="2025-04-08T08:03:28 IST" name="runScenario" description="Runs Cucumber Scenarios" data-provider="scenarios" finished-at="2025-04-08T08:03:39 IST" duration-ms="10362" status="PASS">
          <params>
            <param index="0">
              <value>
                <![CDATA["Search for the product"]]>
              </value>
            </param>
            <param index="1">
              <value>
                <![CDATA["Search For the Product"]]>
              </value>
            </param>
          </params>
          <reporter-output>
          </reporter-output>
        </test-method> <!-- runScenario -->
        <test-method is-config="true" signature="tearDownClass()[pri:0, instance:com.runner.TestNGRunner@5136d012]" started-at="2025-04-08T08:03:39 IST" name="tearDownClass" finished-at="2025-04-08T08:03:40 IST" duration-ms="1464" status="PASS">
          <reporter-output>
          </reporter-output>
        </test-method> <!-- tearDownClass -->
      </class> <!-- com.runner.TestNGRunner -->
    </test> <!-- Test -->
  </suite> <!-- Suite -->
</testng-results>
